TN:
SF:src/operations/operations.js
FN:2,(anonymous_0)
FN:10,(anonymous_1)
FN:18,(anonymous_2)
FN:26,(anonymous_3)
FN:37,(anonymous_4)
FNF:5
FNH:5
FNDA:3,(anonymous_0)
FNDA:3,(anonymous_1)
FNDA:3,(anonymous_2)
FNDA:3,(anonymous_3)
FNDA:5,(anonymous_4)
DA:1,1
DA:3,3
DA:4,1
DA:8,2
DA:11,3
DA:12,1
DA:16,2
DA:19,3
DA:20,1
DA:24,2
DA:27,3
DA:28,1
DA:32,2
DA:33,1
DA:35,1
DA:38,5
DA:39,2
DA:43,3
DA:47,1
LF:19
LH:19
BRDA:3,0,0,1
BRDA:3,0,1,2
BRDA:3,1,0,3
BRDA:3,1,1,2
BRDA:11,2,0,1
BRDA:11,2,1,2
BRDA:11,3,0,3
BRDA:11,3,1,3
BRDA:19,4,0,1
BRDA:19,4,1,2
BRDA:19,5,0,3
BRDA:19,5,1,2
BRDA:27,6,0,1
BRDA:27,6,1,2
BRDA:27,7,0,3
BRDA:27,7,1,3
BRDA:32,8,0,1
BRDA:32,8,1,1
BRDA:38,9,0,2
BRDA:38,9,1,3
BRDA:38,10,0,5
BRDA:38,10,1,4
BRF:22
BRH:22
end_of_record
